<?xml version="1.0" encoding="UTF-8"?>
<!-- Generated by org.testng.reporters.JUnitReportReporter -->
<testsuite hostname="MSI" failures="0" tests="2" name="APITesting.ApiTesting" time="1.629" errors="0" timestamp="2024-09-15T09:07:17 IST" skipped="0">
  <testcase classname="APITesting.ApiTesting" name="validateResponseContent" time="1.595"/>
  <testcase classname="APITesting.ApiTesting" name="validatingResponseCode" time="0.034"/>
</testsuite> <!-- APITesting.ApiTesting -->
