<?xml version="1.0" encoding="UTF-8"?>
<!-- Generated by org.testng.reporters.JUnitReportReporter -->
<testsuite hostname="MSI" failures="0" tests="2" name="ApiTesting" time="1.032" errors="0" timestamp="2024-09-11T16:22:21 IST" skipped="0">
  <testcase classname="ApiTesting" name="validatingResponseCode" time="0.027"/>
  <testcase classname="ApiTesting" name="validateResponseContent" time="1.005"/>
</testsuite> <!-- ApiTesting -->
