<?xml version="1.0" encoding="UTF-8"?>
<!-- Generated by org.testng.reporters.JUnitReportReporter -->
<testsuite hostname="MSI" failures="0" tests="2" name="APITesting.ApiTesting" time="2.206" errors="0" timestamp="2024-09-15T08:52:05 IST" skipped="0">
  <testcase classname="APITesting.ApiTesting" name="validateResponseContent" time="2.160"/>
  <testcase classname="APITesting.ApiTesting" name="validatingResponseCode" time="0.046"/>
</testsuite> <!-- APITesting.ApiTesting -->
