<?xml version="1.0" encoding="UTF-8"?>
<!-- Generated by org.testng.reporters.JUnitReportReporter -->
<testsuite hostname="MSI" failures="0" tests="1" name="com.simplilearn.MedicareTestingProject.AppTest" time="43.199" errors="0" timestamp="2024-09-15T10:37:14 IST" skipped="0">
  <testcase classname="com.simplilearn.MedicareTestingProject.AppTest" name="testSignInMethod" time="43.199"/>
</testsuite> <!-- com.simplilearn.MedicareTestingProject.AppTest -->
